mode: set
1337b04rd/internal/adapters/postgres/comment.go:19.80,23.2 1 0
1337b04rd/internal/adapters/postgres/comment.go:25.96,29.16 3 0
1337b04rd/internal/adapters/postgres/comment.go:29.16,31.3 1 0
1337b04rd/internal/adapters/postgres/comment.go:32.2,54.16 5 0
1337b04rd/internal/adapters/postgres/comment.go:54.16,57.3 2 0
1337b04rd/internal/adapters/postgres/comment.go:59.2,59.32 1 0
1337b04rd/internal/adapters/postgres/comment.go:62.105,79.16 4 0
1337b04rd/internal/adapters/postgres/comment.go:79.16,82.3 2 0
1337b04rd/internal/adapters/postgres/comment.go:83.2,86.18 3 0
1337b04rd/internal/adapters/postgres/comment.go:86.18,101.17 4 0
1337b04rd/internal/adapters/postgres/comment.go:101.17,103.4 1 0
1337b04rd/internal/adapters/postgres/comment.go:105.3,107.40 2 0
1337b04rd/internal/adapters/postgres/comment.go:110.2,110.22 1 0
1337b04rd/internal/adapters/postgres/comment.go:113.76,117.16 4 0
1337b04rd/internal/adapters/postgres/comment.go:117.16,120.3 2 0
1337b04rd/internal/adapters/postgres/comment.go:122.2,122.16 1 0
1337b04rd/internal/adapters/postgres/comment.go:122.16,124.3 1 0
1337b04rd/internal/adapters/postgres/comment.go:126.2,126.13 1 0
1337b04rd/internal/adapters/postgres/post.go:20.74,24.2 1 0
1337b04rd/internal/adapters/postgres/post.go:26.93,27.40 1 0
1337b04rd/internal/adapters/postgres/post.go:27.40,29.3 1 0
1337b04rd/internal/adapters/postgres/post.go:31.2,32.16 2 0
1337b04rd/internal/adapters/postgres/post.go:32.16,34.3 1 0
1337b04rd/internal/adapters/postgres/post.go:35.2,55.16 4 0
1337b04rd/internal/adapters/postgres/post.go:55.16,57.3 1 0
1337b04rd/internal/adapters/postgres/post.go:59.2,59.26 1 0
1337b04rd/internal/adapters/postgres/post.go:62.89,92.16 6 0
1337b04rd/internal/adapters/postgres/post.go:92.16,93.36 1 0
1337b04rd/internal/adapters/postgres/post.go:93.36,95.4 1 0
1337b04rd/internal/adapters/postgres/post.go:96.3,96.18 1 0
1337b04rd/internal/adapters/postgres/post.go:100.2,100.22 1 0
1337b04rd/internal/adapters/postgres/post.go:100.22,102.3 1 0
1337b04rd/internal/adapters/postgres/post.go:105.2,107.19 2 0
1337b04rd/internal/adapters/postgres/post.go:110.82,125.16 3 0
1337b04rd/internal/adapters/postgres/post.go:125.16,127.3 1 0
1337b04rd/internal/adapters/postgres/post.go:128.2,131.18 3 0
1337b04rd/internal/adapters/postgres/post.go:131.18,146.17 4 0
1337b04rd/internal/adapters/postgres/post.go:146.17,148.4 1 0
1337b04rd/internal/adapters/postgres/post.go:150.3,152.31 2 0
1337b04rd/internal/adapters/postgres/post.go:155.2,155.19 1 0
1337b04rd/internal/adapters/postgres/post.go:158.84,173.16 3 0
1337b04rd/internal/adapters/postgres/post.go:173.16,175.3 1 0
1337b04rd/internal/adapters/postgres/post.go:176.2,179.18 3 0
1337b04rd/internal/adapters/postgres/post.go:179.18,194.17 4 0
1337b04rd/internal/adapters/postgres/post.go:194.17,196.4 1 0
1337b04rd/internal/adapters/postgres/post.go:198.3,200.31 2 0
1337b04rd/internal/adapters/postgres/post.go:203.2,203.19 1 0
1337b04rd/internal/adapters/postgres/post.go:206.69,210.2 2 0
1337b04rd/internal/adapters/postgres/post.go:212.45,213.14 1 0
1337b04rd/internal/adapters/postgres/post.go:213.14,215.3 1 0
1337b04rd/internal/adapters/postgres/post.go:216.2,216.44 1 0
1337b04rd/internal/adapters/postgres/user.go:17.52,21.2 1 0
1337b04rd/internal/adapters/postgres/user.go:23.99,26.16 3 0
1337b04rd/internal/adapters/postgres/user.go:26.16,28.3 1 0
1337b04rd/internal/adapters/postgres/user.go:29.2,51.16 7 0
1337b04rd/internal/adapters/postgres/user.go:51.16,53.3 1 0
1337b04rd/internal/adapters/postgres/user.go:55.2,55.36 1 0
1337b04rd/internal/adapters/postgres/user.go:58.98,60.16 2 0
1337b04rd/internal/adapters/postgres/user.go:60.16,62.3 1 0
1337b04rd/internal/adapters/postgres/user.go:63.2,89.16 5 0
1337b04rd/internal/adapters/postgres/user.go:89.16,92.3 2 0
1337b04rd/internal/adapters/postgres/user.go:94.2,94.20 1 0
1337b04rd/internal/adapters/postgres/user.go:97.77,100.16 3 0
1337b04rd/internal/adapters/postgres/user.go:100.16,102.3 1 0
1337b04rd/internal/adapters/postgres/user.go:104.2,104.19 1 0
1337b04rd/internal/adapters/postgres/user.go:107.97,127.16 4 0
1337b04rd/internal/adapters/postgres/user.go:127.16,129.3 1 0
1337b04rd/internal/adapters/postgres/user.go:131.2,131.19 1 0
1337b04rd/internal/adapters/handlers/comment_handler.go:16.82,20.2 1 0
1337b04rd/internal/adapters/handlers/comment_handler.go:22.84,28.16 4 0
1337b04rd/internal/adapters/handlers/comment_handler.go:28.16,31.3 2 0
1337b04rd/internal/adapters/handlers/comment_handler.go:33.2,38.58 4 0
1337b04rd/internal/adapters/handlers/comment_handler.go:38.58,41.3 2 0
1337b04rd/internal/adapters/handlers/comment_handler.go:43.2,46.16 3 0
1337b04rd/internal/adapters/handlers/comment_handler.go:46.16,49.3 2 0
1337b04rd/internal/adapters/handlers/comment_handler.go:51.2,54.16 3 0
1337b04rd/internal/adapters/handlers/comment_handler.go:54.16,57.3 2 0
1337b04rd/internal/adapters/handlers/comment_handler.go:59.2,61.48 2 0
1337b04rd/internal/adapters/handlers/comment_handler.go:64.83,73.16 5 0
1337b04rd/internal/adapters/handlers/comment_handler.go:73.16,74.41 1 0
1337b04rd/internal/adapters/handlers/comment_handler.go:74.41,77.4 2 0
1337b04rd/internal/adapters/handlers/comment_handler.go:78.3,80.9 3 0
1337b04rd/internal/adapters/handlers/comment_handler.go:83.2,86.8 3 0
1337b04rd/internal/adapters/handlers/post_handler.go:15.70,19.2 1 0
1337b04rd/internal/adapters/handlers/post_handler.go:21.78,25.16 3 0
1337b04rd/internal/adapters/handlers/post_handler.go:25.16,28.3 2 0
1337b04rd/internal/adapters/handlers/post_handler.go:30.2,31.16 2 0
1337b04rd/internal/adapters/handlers/post_handler.go:31.16,34.3 2 0
1337b04rd/internal/adapters/handlers/post_handler.go:36.2,47.16 5 0
1337b04rd/internal/adapters/handlers/post_handler.go:47.16,50.3 2 0
1337b04rd/internal/adapters/handlers/post_handler.go:52.2,52.45 1 0
1337b04rd/internal/adapters/handlers/post_handler.go:55.75,59.16 3 0
1337b04rd/internal/adapters/handlers/post_handler.go:59.16,62.3 2 0
1337b04rd/internal/adapters/handlers/post_handler.go:64.2,65.8 2 0
1337b04rd/internal/adapters/handlers/post_handler.go:68.82,70.16 2 0
1337b04rd/internal/adapters/handlers/post_handler.go:70.16,73.3 2 0
1337b04rd/internal/adapters/handlers/post_handler.go:75.2,76.8 2 0
1337b04rd/internal/adapters/handlers/post_handler.go:79.84,81.16 2 0
1337b04rd/internal/adapters/handlers/post_handler.go:81.16,84.3 2 0
1337b04rd/internal/adapters/handlers/post_handler.go:86.2,87.8 2 0
1337b04rd/internal/adapters/handlers/post_handler.go:90.83,92.16 2 0
1337b04rd/internal/adapters/handlers/post_handler.go:92.16,95.3 2 0
1337b04rd/internal/adapters/handlers/post_handler.go:96.2,96.8 1 0
1337b04rd/internal/adapters/handlers/router.go:9.139,26.2 14 0
1337b04rd/internal/adapters/handlers/user_handler.go:16.70,20.2 1 0
1337b04rd/internal/adapters/handlers/user_handler.go:24.77,26.16 2 0
1337b04rd/internal/adapters/handlers/user_handler.go:26.16,28.17 2 0
1337b04rd/internal/adapters/handlers/user_handler.go:28.17,31.4 2 0
1337b04rd/internal/adapters/handlers/user_handler.go:32.3,34.42 3 0
1337b04rd/internal/adapters/handlers/user_handler.go:37.2,38.16 2 0
1337b04rd/internal/adapters/handlers/user_handler.go:38.16,41.17 3 0
1337b04rd/internal/adapters/handlers/user_handler.go:41.17,44.4 2 0
1337b04rd/internal/adapters/handlers/user_handler.go:45.3,48.17 4 0
1337b04rd/internal/adapters/handlers/user_handler.go:48.17,51.4 2 0
1337b04rd/internal/adapters/handlers/user_handler.go:52.3,53.9 2 0
1337b04rd/internal/adapters/handlers/user_handler.go:55.2,56.40 2 0
1337b04rd/internal/adapters/handlers/user_handler.go:61.68,63.16 2 0
1337b04rd/internal/adapters/handlers/user_handler.go:63.16,65.3 1 0
1337b04rd/internal/adapters/handlers/user_handler.go:67.2,67.23 1 0
1337b04rd/internal/adapters/handlers/user_handler.go:70.79,77.16 5 0
1337b04rd/internal/adapters/handlers/user_handler.go:77.16,81.3 3 0
1337b04rd/internal/adapters/handlers/user_handler.go:82.2,85.16 3 0
1337b04rd/internal/adapters/handlers/user_handler.go:85.16,87.3 1 0
1337b04rd/internal/adapters/handlers/utils.go:13.88,15.56 2 0
1337b04rd/internal/adapters/handlers/utils.go:15.56,17.3 1 0
1337b04rd/internal/adapters/handlers/utils.go:20.87,22.2 1 0
1337b04rd/internal/adapters/handlers/utils.go:26.52,28.16 2 0
1337b04rd/internal/adapters/handlers/utils.go:28.16,31.3 2 0
1337b04rd/internal/adapters/handlers/utils.go:32.2,32.26 1 0
1337b04rd/internal/adapters/handlers/utils.go:37.60,48.2 2 0
1337b04rd/cmd/1337b04rd/main.go:25.13,27.16 2 0
1337b04rd/cmd/1337b04rd/main.go:27.16,29.3 1 0
1337b04rd/cmd/1337b04rd/main.go:30.2,41.16 9 0
1337b04rd/cmd/1337b04rd/main.go:41.16,44.3 2 0
1337b04rd/cmd/1337b04rd/main.go:46.2,47.16 2 0
1337b04rd/cmd/1337b04rd/main.go:47.16,50.3 2 0
1337b04rd/cmd/1337b04rd/main.go:52.2,71.12 8 0
1337b04rd/cmd/1337b04rd/main.go:71.12,73.80 2 0
1337b04rd/cmd/1337b04rd/main.go:73.80,75.4 1 0
1337b04rd/cmd/1337b04rd/main.go:79.2,88.45 7 0
1337b04rd/cmd/1337b04rd/main.go:88.45,90.3 1 0
1337b04rd/cmd/1337b04rd/main.go:92.2,92.39 1 0
1337b04rd/cmd/1337b04rd/main.go:96.49,97.71 1 0
1337b04rd/cmd/1337b04rd/main.go:97.71,106.28 6 0
1337b04rd/cmd/1337b04rd/main.go:106.28,109.4 2 0
1337b04rd/cmd/1337b04rd/main.go:112.3,112.23 1 0
1337b04rd/cmd/1337b04rd/main.go:116.32,121.16 3 0
1337b04rd/cmd/1337b04rd/main.go:121.16,123.3 1 0
1337b04rd/cmd/1337b04rd/main.go:126.2,126.33 1 0
1337b04rd/cmd/1337b04rd/main.go:126.33,128.3 1 0
1337b04rd/cmd/1337b04rd/main.go:131.2,136.16 5 0
1337b04rd/internal/domain/post.go:43.33,44.22 1 0
1337b04rd/internal/domain/post.go:44.22,46.3 1 0
1337b04rd/internal/domain/post.go:47.2,47.24 1 0
1337b04rd/internal/domain/post.go:47.24,49.3 1 0
1337b04rd/internal/domain/post.go:50.2,50.12 1 0
1337b04rd/internal/adapters/fileUtils/fileUtils.go:18.32,20.2 1 1
1337b04rd/internal/adapters/fileUtils/fileUtils.go:22.75,23.47 1 1
1337b04rd/internal/adapters/fileUtils/fileUtils.go:23.47,25.3 1 1
1337b04rd/internal/adapters/fileUtils/fileUtils.go:28.2,28.29 1 1
1337b04rd/internal/adapters/fileUtils/fileUtils.go:28.29,30.3 1 1
1337b04rd/internal/adapters/fileUtils/fileUtils.go:33.2,34.16 2 1
1337b04rd/internal/adapters/fileUtils/fileUtils.go:34.16,36.3 1 0
1337b04rd/internal/adapters/fileUtils/fileUtils.go:37.2,41.33 4 1
1337b04rd/internal/adapters/fileUtils/fileUtils.go:41.33,43.3 1 0
1337b04rd/internal/adapters/fileUtils/fileUtils.go:45.2,46.44 2 1
1337b04rd/internal/adapters/fileUtils/fileUtils.go:46.44,48.3 1 1
1337b04rd/internal/adapters/fileUtils/fileUtils.go:50.2,50.12 1 1
1337b04rd/internal/adapters/fileUtils/fileUtils.go:53.89,54.23 1 1
1337b04rd/internal/adapters/fileUtils/fileUtils.go:54.23,56.3 1 1
1337b04rd/internal/adapters/fileUtils/fileUtils.go:57.2,58.16 2 1
1337b04rd/internal/adapters/fileUtils/fileUtils.go:58.16,60.3 1 0
1337b04rd/internal/adapters/fileUtils/fileUtils.go:61.2,65.46 3 1
1337b04rd/internal/adapters/fileUtils/fileUtils.go:65.46,67.3 1 0
1337b04rd/internal/adapters/fileUtils/fileUtils.go:69.2,69.25 1 1
1337b04rd/internal/domain/post.go:43.33,44.22 1 0
1337b04rd/internal/domain/post.go:44.22,46.3 1 0
1337b04rd/internal/domain/post.go:47.2,47.24 1 0
1337b04rd/internal/domain/post.go:47.24,49.3 1 0
1337b04rd/internal/domain/post.go:50.2,50.12 1 0
1337b04rd/internal/adapters/triples/triples.go:22.36,26.2 1 0
1337b04rd/internal/adapters/triples/triples.go:28.78,31.16 3 0
1337b04rd/internal/adapters/triples/triples.go:31.16,33.3 1 0
1337b04rd/internal/adapters/triples/triples.go:35.2,42.16 5 0
1337b04rd/internal/adapters/triples/triples.go:42.16,44.3 1 0
1337b04rd/internal/adapters/triples/triples.go:47.2,50.16 3 0
1337b04rd/internal/adapters/triples/triples.go:50.16,53.3 2 0
1337b04rd/internal/adapters/triples/triples.go:54.2,60.43 2 0
1337b04rd/internal/adapters/triples/triples.go:60.43,63.3 2 0
1337b04rd/internal/adapters/triples/triples.go:65.2,65.24 1 0
1337b04rd/internal/adapters/triples/triples.go:68.57,72.16 3 0
1337b04rd/internal/adapters/triples/triples.go:72.16,74.3 1 0
1337b04rd/internal/adapters/triples/triples.go:77.2,79.16 3 0
1337b04rd/internal/adapters/triples/triples.go:79.16,82.3 2 0
1337b04rd/internal/adapters/triples/triples.go:83.2,85.92 2 0
1337b04rd/internal/adapters/triples/triples.go:85.92,87.3 1 0
1337b04rd/internal/adapters/triples/triples.go:89.2,89.12 1 0
1337b04rd/internal/adapters/triples/triples.go:93.44,95.44 2 0
1337b04rd/internal/adapters/triples/triples.go:95.44,97.3 1 0
1337b04rd/internal/adapters/triples/triples.go:98.2,102.17 5 0
1337b04rd/internal/domain/post.go:43.33,44.22 1 1
1337b04rd/internal/domain/post.go:44.22,46.3 1 0
1337b04rd/internal/domain/post.go:47.2,47.24 1 1
1337b04rd/internal/domain/post.go:47.24,49.3 1 0
1337b04rd/internal/domain/post.go:50.2,50.12 1 1
1337b04rd/internal/services/commentService.go:19.190,27.2 1 1
1337b04rd/internal/services/commentService.go:29.120,34.56 3 1
1337b04rd/internal/services/commentService.go:34.56,37.63 1 1
1337b04rd/internal/services/commentService.go:37.63,40.4 2 1
1337b04rd/internal/services/commentService.go:43.3,44.17 2 1
1337b04rd/internal/services/commentService.go:44.17,47.4 2 1
1337b04rd/internal/services/commentService.go:49.3,50.17 2 1
1337b04rd/internal/services/commentService.go:50.17,53.4 2 1
1337b04rd/internal/services/commentService.go:54.3,54.58 1 1
1337b04rd/internal/services/commentService.go:57.2,63.38 5 1
1337b04rd/internal/services/commentService.go:63.38,65.55 2 0
1337b04rd/internal/services/commentService.go:65.55,68.4 2 0
1337b04rd/internal/services/commentService.go:71.2,72.16 2 1
1337b04rd/internal/services/commentService.go:72.16,74.3 1 1
1337b04rd/internal/services/commentService.go:76.2,80.42 3 1
1337b04rd/internal/services/commentService.go:83.102,85.2 1 1
1337b04rd/internal/services/postService.go:18.178,26.2 1 1
1337b04rd/internal/services/postService.go:28.114,31.53 2 1
1337b04rd/internal/services/postService.go:31.53,34.63 1 1
1337b04rd/internal/services/postService.go:34.63,37.4 2 1
1337b04rd/internal/services/postService.go:40.3,41.17 2 1
1337b04rd/internal/services/postService.go:41.17,44.4 2 1
1337b04rd/internal/services/postService.go:46.3,47.17 2 1
1337b04rd/internal/services/postService.go:47.17,50.4 2 1
1337b04rd/internal/services/postService.go:51.3,51.52 1 1
1337b04rd/internal/services/postService.go:54.2,59.16 5 1
1337b04rd/internal/services/postService.go:59.16,61.3 1 1
1337b04rd/internal/services/postService.go:63.2,65.40 2 1
1337b04rd/internal/services/postService.go:65.40,67.3 1 0
1337b04rd/internal/services/postService.go:69.2,69.36 1 1
1337b04rd/internal/services/postService.go:72.89,74.2 1 1
1337b04rd/internal/services/postService.go:76.83,78.2 1 1
1337b04rd/internal/services/postService.go:80.85,82.2 1 1
1337b04rd/internal/services/postService.go:84.63,86.2 1 1
1337b04rd/internal/services/userService.go:15.104,20.2 1 1
1337b04rd/internal/services/userService.go:22.79,25.16 3 1
1337b04rd/internal/services/userService.go:25.16,27.3 1 1
1337b04rd/internal/services/userService.go:29.2,31.16 3 1
1337b04rd/internal/services/userService.go:31.16,34.3 2 0
1337b04rd/internal/services/userService.go:36.2,36.70 1 1
1337b04rd/internal/services/userService.go:39.104,41.2 1 1
1337b04rd/internal/services/userService.go:43.98,45.2 1 1
1337b04rd/internal/adapters/rickMorty/userOutlook.go:19.38,21.2 1 0
1337b04rd/internal/adapters/rickMorty/userOutlook.go:23.67,27.2 1 1
1337b04rd/internal/adapters/rickMorty/userOutlook.go:29.83,30.14 1 1
1337b04rd/internal/adapters/rickMorty/userOutlook.go:30.14,32.3 1 1
1337b04rd/internal/adapters/rickMorty/userOutlook.go:34.2,34.13 1 1
1337b04rd/internal/adapters/rickMorty/userOutlook.go:34.13,36.3 1 0
1337b04rd/internal/adapters/rickMorty/userOutlook.go:38.2,48.16 5 1
1337b04rd/internal/adapters/rickMorty/userOutlook.go:48.16,50.3 1 0
1337b04rd/internal/adapters/rickMorty/userOutlook.go:51.2,54.16 3 1
1337b04rd/internal/adapters/rickMorty/userOutlook.go:54.16,56.3 1 0
1337b04rd/internal/adapters/rickMorty/userOutlook.go:58.2,60.16 3 1
1337b04rd/internal/adapters/rickMorty/userOutlook.go:60.16,62.3 1 0
1337b04rd/internal/adapters/rickMorty/userOutlook.go:64.2,64.26 1 1
1337b04rd/internal/domain/post.go:43.33,44.22 1 0
1337b04rd/internal/domain/post.go:44.22,46.3 1 0
1337b04rd/internal/domain/post.go:47.2,47.24 1 0
1337b04rd/internal/domain/post.go:47.24,49.3 1 0
1337b04rd/internal/domain/post.go:50.2,50.12 1 0
